<?xml version="1.0" encoding="UTF-8"?>
<!-- Generated by org.testng.reporters.JUnitReportReporter -->
<testsuite skipped="0" hostname="RESHMAHPF16U5E7" name="com.opentext.businessnetwork.BNSUI.tests.BNSUIScenarios" tests="7" failures="0" timestamp="04 Nov 2020 12:53:59 GMT" time="1287.796" errors="0">
  <testcase name="testErrortransactionId" time="204.845" classname="com.opentext.businessnetwork.BNSUI.tests.BNSUIScenarios"/>
  <testcase name="testErrortransactionId" time="204.938" classname="com.opentext.businessnetwork.BNSUI.tests.BNSUIScenarios"/>
  <testcase name="testErrortransactionId" time="184.499" classname="com.opentext.businessnetwork.BNSUI.tests.BNSUIScenarios"/>
  <testcase name="testErrortransactionId" time="204.122" classname="com.opentext.businessnetwork.BNSUI.tests.BNSUIScenarios"/>
  <testcase name="testErrortransactionId" time="176.752" classname="com.opentext.businessnetwork.BNSUI.tests.BNSUIScenarios"/>
  <testcase name="testValidTransactionid" time="193.387" classname="com.opentext.businessnetwork.BNSUI.tests.BNSUIScenarios"/>
  <testcase name="testErrortransactionId" time="119.253" classname="com.opentext.businessnetwork.BNSUI.tests.BNSUIScenarios"/>
</testsuite> <!-- com.opentext.businessnetwork.BNSUI.tests.BNSUIScenarios -->
