<?xml version="1.0" encoding="UTF-8"?>
<!-- Generated by org.testng.reporters.JUnitReportReporter -->
<testsuite skipped="0" hostname="RESHMAHPF16U5E7" name="com.opentext.businessnetwork.BNSUI.tests.BNSUIScenarios" tests="7" failures="0" timestamp="21 Jan 2021 15:17:51 GMT" time="1224.472" errors="0">
  <testcase name="testErrortransactionId" time="192.081" classname="com.opentext.businessnetwork.BNSUI.tests.BNSUIScenarios"/>
  <testcase name="testErrortransactionId" time="171.369" classname="com.opentext.businessnetwork.BNSUI.tests.BNSUIScenarios"/>
  <testcase name="testErrortransactionId" time="191.296" classname="com.opentext.businessnetwork.BNSUI.tests.BNSUIScenarios"/>
  <testcase name="testErrortransactionId" time="171.319" classname="com.opentext.businessnetwork.BNSUI.tests.BNSUIScenarios"/>
  <testcase name="testValidTransactionid" time="191.967" classname="com.opentext.businessnetwork.BNSUI.tests.BNSUIScenarios"/>
  <testcase name="testErrortransactionId" time="191.237" classname="com.opentext.businessnetwork.BNSUI.tests.BNSUIScenarios"/>
  <testcase name="testErrortransactionId" time="115.203" classname="com.opentext.businessnetwork.BNSUI.tests.BNSUIScenarios"/>
</testsuite> <!-- com.opentext.businessnetwork.BNSUI.tests.BNSUIScenarios -->
